  main.c
C:\Users\Administrator\Desktop\c수업\0721\main.c(9,9): warning C4477: 'printf' : 서식 문자열 '%d'에 'int' 형식의 인수가 필요하지만 variadic 인수 1의 형식이 'int *'입니다.
C:\Users\Administrator\Desktop\c수업\0721\main.c(9,9): warning C4313: 'printf': 서식 문자열의 '%d'이(가) int *' 형식의 인수 1과(와) 충돌합니다.
C:\Users\Administrator\Desktop\c수업\0721\main.c(11,9): warning C4477: 'printf' : 서식 문자열 '%d'에 'int' 형식의 인수가 필요하지만 variadic 인수 1의 형식이 'int *'입니다.
C:\Users\Administrator\Desktop\c수업\0721\main.c(11,9): warning C4313: 'printf': 서식 문자열의 '%d'이(가) int *' 형식의 인수 1과(와) 충돌합니다.
C:\Users\Administrator\Desktop\c수업\0721\main.c(11,9): warning C4477: 'printf' : 서식 문자열 '%d'에 'int' 형식의 인수가 필요하지만 variadic 인수 2의 형식이 'int *'입니다.
C:\Users\Administrator\Desktop\c수업\0721\main.c(11,9): warning C4313: 'printf': 서식 문자열의 '%d'이(가) int *' 형식의 인수 2과(와) 충돌합니다.
C:\Users\Administrator\Desktop\c수업\0721\main.c(14,9): warning C4477: 'printf' : 서식 문자열 '%d'에 'int' 형식의 인수가 필요하지만 variadic 인수 1의 형식이 'char *'입니다.
C:\Users\Administrator\Desktop\c수업\0721\main.c(14,9): warning C4313: 'printf': 서식 문자열의 '%d'이(가) char *' 형식의 인수 1과(와) 충돌합니다.
C:\Users\Administrator\Desktop\c수업\0721\main.c(14,9): warning C4477: 'printf' : 서식 문자열 '%d'에 'int' 형식의 인수가 필요하지만 variadic 인수 2의 형식이 'char *'입니다.
C:\Users\Administrator\Desktop\c수업\0721\main.c(14,9): warning C4313: 'printf': 서식 문자열의 '%d'이(가) char *' 형식의 인수 2과(와) 충돌합니다.
C:\Users\Administrator\Desktop\c수업\0721\main.c(15,9): warning C4477: 'printf' : 서식 문자열 '%d'에 'int' 형식의 인수가 필요하지만 variadic 인수 1의 형식이 'size_t'입니다.
C:\Users\Administrator\Desktop\c수업\0721\main.c(15,9): message : 서식 문자열에서 '%zd'을(를) 사용하는 것이 좋습니다.
C:\Users\Administrator\Desktop\c수업\0721\main.c(17,9): warning C4477: 'printf' : 서식 문자열 '%d'에 'int' 형식의 인수가 필요하지만 variadic 인수 1의 형식이 'int *'입니다.
C:\Users\Administrator\Desktop\c수업\0721\main.c(17,9): warning C4313: 'printf': 서식 문자열의 '%d'이(가) int *' 형식의 인수 1과(와) 충돌합니다.
C:\Users\Administrator\Desktop\c수업\0721\main.c(17,9): warning C4477: 'printf' : 서식 문자열 '%d'에 'int' 형식의 인수가 필요하지만 variadic 인수 2의 형식이 'int *'입니다.
C:\Users\Administrator\Desktop\c수업\0721\main.c(17,9): warning C4313: 'printf': 서식 문자열의 '%d'이(가) int *' 형식의 인수 2과(와) 충돌합니다.
C:\Users\Administrator\Desktop\c수업\0721\main.c(18,9): warning C4477: 'printf' : 서식 문자열 '%d'에 'int' 형식의 인수가 필요하지만 variadic 인수 1의 형식이 'int *'입니다.
C:\Users\Administrator\Desktop\c수업\0721\main.c(18,9): warning C4313: 'printf': 서식 문자열의 '%d'이(가) int *' 형식의 인수 1과(와) 충돌합니다.
C:\Users\Administrator\Desktop\c수업\0721\main.c(19,9): warning C4477: 'printf' : 서식 문자열 '%d'에 'int' 형식의 인수가 필요하지만 variadic 인수 1의 형식이 'int *'입니다.
C:\Users\Administrator\Desktop\c수업\0721\main.c(19,9): warning C4313: 'printf': 서식 문자열의 '%d'이(가) int *' 형식의 인수 1과(와) 충돌합니다.
C:\Users\Administrator\Desktop\c수업\0721\main.c(29,2): warning C4013: 'system'이(가) 정의되지 않았습니다. extern은 int형을 반환하는 것으로 간주합니다.
C:\Users\Administrator\Desktop\c수업\0721\main.c(85,2): warning C4013: 'srand'이(가) 정의되지 않았습니다. extern은 int형을 반환하는 것으로 간주합니다.
C:\Users\Administrator\Desktop\c수업\0721\main.c(85,8): warning C4013: 'time'이(가) 정의되지 않았습니다. extern은 int형을 반환하는 것으로 간주합니다.
C:\Users\Administrator\Desktop\c수업\0721\main.c(88,12): warning C4013: 'rand'이(가) 정의되지 않았습니다. extern은 int형을 반환하는 것으로 간주합니다.
C:\Users\Administrator\Desktop\c수업\0721\main.c(24,8): warning C4101: 'd' :참조되지 않은 지역 변수입니다.
  0721.vcxproj -> C:\Users\Administrator\Desktop\c수업\0721\x64\Debug\0721.exe
